<?xml version="1.0" encoding="UTF-8"?>
<!-- Generated by org.testng.reporters.JUnitXMLReporter -->
<testsuite hostname="MBP-Dzmitry" ignored="0" tests="6" failures="0" timestamp="2019-09-08T16:40:08 MSK" time="13.422" errors="0">
  <testcase name="loginToMailBoxTest" time="4.361" classname="TestScenario"/>
  <testcase name="checkMailSubjectInDraftFolderTest" time="3.002" classname="TestScenario"/>
  <testcase name="checkMailTextInDraftsFolderTest" time="0.092" classname="TestScenario"/>
  <testcase name="checkDraftFolderIsEmpty" time="1.179" classname="TestScenario"/>
  <testcase name="checkSentFolderIsNotEmpty" time="1.17" classname="TestScenario"/>
  <testcase name="logout" time="1.467" classname="TestScenario"/>
</testsuite>
